"../../../Engine/Content/ArtTools/RenderToTexture/Enums/RenderToTexture_Enum.uasset" 0
"../../../Engine/Content/ArtTools/RenderToTexture/Enums/RenderToTexture_Flipbook_Enum.uasset" 1
"../../../Engine/Content/ArtTools/RenderToTexture/Enums/RenderToTexture_Imposter_Enum.uasset" 2
"../../../Engine/Content/ArtTools/RenderToTexture/Enums/EIntTypes.uasset" 3
"../../../Engine/Content/EditorBlueprintResources/StandardMacros.uasset" 4
"../../../Engine/Content/ArtTools/RenderToTexture/Macros/RenderToTextureFunctionLibrary.uasset" 5
"../../../Engine/Content/ArtTools/RenderToTexture/Enums/EFloatTypes.uasset" 6
"../../../Engine/Content/ArtTools/RenderToTexture/Macros/RenderToTextureMacros.uasset" 7
"../../../Engine/Content/EngineMaterials/T_Default_Material_Grid_N.uasset" 8
"../../../Engine/Content/EngineMaterials/T_Default_Material_Grid_M.uasset" 9
"../../../Engine/Content/Functions/Engine_MaterialFunctions01/Opacity/CameraDepthFade.uasset" 10
"../../../Engine/Content/EngineMaterials/WorldGridMaterial.uasset" 11
"../../../Engine/Content/ArtTools/RenderToTexture/Meshes/S_1_Unit_Plane.uasset" 12
"../../../Engine/Content/EngineMaterials/DefaultMaterial.uasset" 13
"../../../Engine/Content/BasicShapes/Cone.uasset" 14
"../../../Engine/Content/BasicShapes/Cube.uasset" 15
"../../../Engine/Content/BasicShapes/Plane.uasset" 16
"../../../Engine/Content/BasicShapes/Sphere.uasset" 17
"../../../Engine/Content/EngineMaterials/DefaultPhysicalMaterial.uasset" 18
"../../../Engine/Content/BufferVisualization/AmbientOcclusion.uasset" 19
"../../../Engine/Content/Functions/Engine_MaterialFunctions02/Utility/AppendMany.uasset" 20
"../../../Engine/Content/BufferVisualization/Anisotropy.uasset" 21
"../../../Engine/Content/BufferVisualization/BaseColor.uasset" 22
"../../../Engine/Content/BufferVisualization/CustomDepth.uasset" 23
"../../../Engine/Content/Functions/Engine_MaterialFunctions02/Utility/VectorLength.uasset" 24
"../../../Engine/Content/BufferVisualization/CustomDepthWorldUnits.uasset" 25
"../../../Engine/Content/EngineMaterials/MiniFont.uasset" 26
"../../../Engine/Content/Functions/Engine_MaterialFunctions02/Utility/MakeFloat3.uasset" 27
"../../../Engine/Content/Functions/Engine_MaterialFunctions02/Utility/MakeFloat2.uasset" 28
"../../../Engine/Content/Functions/Engine_MaterialFunctions02/ScreenResolution.uasset" 29
"../../../Engine/Content/Functions/Engine_MaterialFunctions02/Utility/BreakOutFloat2Components.uasset" 30
"../../../Engine/Content/Functions/Engine_MaterialFunctions01/Texturing/ScaleUVsByCenter.uasset" 31
"../../../Engine/Content/Functions/Engine_MaterialFunctions02/Texturing/ScreenAlignedUVs.uasset" 32
"../../../Engine/Content/BufferVisualization/CustomStencil.uasset" 33
"../../../Engine/Content/BufferVisualization/FinalImage.uasset" 34
"../../../Engine/Content/BufferVisualization/LightingModel.uasset" 35
"../../../Engine/Content/BufferVisualization/MaterialAO.uasset" 36
"../../../Engine/Content/BufferVisualization/Metallic.uasset" 37
"../../../Engine/Content/BufferVisualization/Opacity.uasset" 38
"../../../Engine/Content/BufferVisualization/PostTonemapHDRColor.uasset" 39
"../../../Engine/Content/BufferVisualization/PreTonemapHDRColor.uasset" 40
"../../../Engine/Content/BufferVisualization/Roughness.uasset" 41
"../../../Engine/Content/BufferVisualization/SceneColor.uasset" 42
"../../../Engine/Content/BufferVisualization/SceneDepth.uasset" 43
"../../../Engine/Content/BufferVisualization/SceneDepthWorldUnits.uasset" 44
"../../../Engine/Content/BufferVisualization/SeparateTranslucencyA.uasset" 45
"../../../Engine/Content/BufferVisualization/SeparateTranslucencyRGB.uasset" 46
"../../../Engine/Content/BufferVisualization/Specular.uasset" 47
"../../../Engine/Content/BufferVisualization/SubsurfaceColor.uasset" 48
"../../../Engine/Content/BufferVisualization/Velocity.uasset" 49
"../../../Engine/Content/BufferVisualization/WorldNormal.uasset" 50
"../../../Engine/Content/BufferVisualization/WorldTangent.uasset" 51
"../../../Engine/Content/EditorBlueprintResources/ActorMacros.uasset" 52
"../../../Engine/Content/EditorLandscapeResources/DataLayer.uasset" 53
"../../../Engine/Content/EditorLandscapeResources/DefaultAlphaTexture.uasset" 54
"../../../Engine/Content/EditorLandscapeResources/LandscapeGizmoHeight_Mat.uasset" 55
"../../../Engine/Content/EditorLandscapeResources/LandscapeGizmo_Mat.uasset" 56
"../../../Engine/Content/EditorLandscapeResources/LandscapeGizmo_Mat_Copied.uasset" 57
"../../../Engine/Content/EditorLandscapeResources/SplineEditorMeshMat.uasset" 58
"../../../Engine/Content/EditorLandscapeResources/SplineEditorMesh.uasset" 59
"../../../Engine/Content/EditorMaterials/Cross.uasset" 60
"../../../Engine/Content/EditorMaterials/Cross_Mat.uasset" 61
"../../../Engine/Content/Functions/Engine_MaterialFunctions02/Utility/Sign.uasset" 62
"../../../Engine/Content/Functions/Engine_MaterialFunctions02/Utility/Round.uasset" 63
"../../../Engine/Content/EditorResources/T_EditorHelp.uasset" 64
"../../../Engine/Content/Functions/Engine_MaterialFunctions02/ExampleContent/Textures/DebugNumberPeriod.uasset" 65
"../../../Engine/Content/Functions/Engine_MaterialFunctions02/ExampleContent/DebugNumberStrip.uasset" 66
"../../../Engine/Content/EngineMaterials/DefaultDiffuse.uasset" 67
"../../../Engine/Content/Functions/Engine_MaterialFunctions01/Texturing/TextureCropping.uasset" 68
"../../../Engine/Content/Functions/Engine_MaterialFunctions01/Texturing/ComputeMipLevel.uasset" 69
"../../../Engine/Content/Functions/Engine_MaterialFunctions02/Utility/DebugScalarValues.uasset" 70
"../../../Engine/Content/Functions/Engine_MaterialFunctions02/Utility/DebugFloat2Values.uasset" 71
"../../../Engine/Content/Functions/Engine_MaterialFunctions02/ExampleContent/Textures/flipbook.uasset" 72
"../../../Engine/Content/Functions/Engine_MaterialFunctions02/Texturing/FlipBook.uasset" 73
"../../../Engine/Content/EditorMaterials/HelpActorMaterial.uasset" 74
"../../../Engine/Content/Functions/Engine_MaterialFunctions03/Procedurals/ComputeFilterWidth.uasset" 75
"../../../Engine/Content/EngineMaterials/BlendFunc_DefBlend.uasset" 76
"../../../Engine/Content/EngineMaterials/BlendFunc_DefBase.uasset" 77
"../../../Engine/Content/Functions/Engine_MaterialFunctions03/Blends/Blend_Screen.uasset" 78
"../../../Engine/Content/EditorMaterials/TilingAALineIntegral.uasset" 79
"../../../Engine/Content/EditorMaterials/TilingAALineBoxFiltered.uasset" 80
"../../../Engine/Content/EditorMaterials/TilingAAGrid.uasset" 81
"../../../Engine/Content/EditorMaterials/TilingAADots.uasset" 82
"../../../Engine/Content/EditorMaterials/CompositeARGBLayer.uasset" 83
"../../../Engine/Content/EditorMaterials/LevelGridMaterial.uasset" 84
"../../../Engine/Content/EditorResources/LevelGrid1DStripes.uasset" 85
"../../../Engine/Content/EditorMaterials/TextureGridCascaded1D.uasset" 86
"../../../Engine/Content/EditorMaterials/TextureGridCascaded2D.uasset" 87
"../../../Engine/Content/EditorMaterials/MakeCompositeARGBLayer.uasset" 88
"../../../Engine/Content/EditorMaterials/LevelGridMaterial2.uasset" 89
"../../../Engine/Content/EditorMaterials/MAT_Groups_Toggle.uasset" 90
"../../../Engine/Content/EditorMaterials/MAT_Groups_Visibility.uasset" 91
"../../../Engine/Content/EngineMaterials/Grid.uasset" 92
"../../../Engine/Content/EditorResources/TilePatine_N.uasset" 93
"../../../Engine/Content/EditorResources/TilePatine_D.uasset" 94
"../../../Engine/Content/EditorMaterials/AntialiasedGridFloor.uasset" 95
"../../../Engine/Content/EditorMaterials/PersonaFloorMat.uasset" 96
"../../../Engine/Content/EditorMaterials/PhAT_BoneSelectedMaterial.uasset" 97
"../../../Engine/Content/EditorMaterials/PhAT_ElemSelectedMaterial.uasset" 98
"../../../Engine/Content/EditorMaterials/PhAT_NoCollisionMaterial.uasset" 99
"../../../Engine/Content/EditorMaterials/PhAT_UnselectedMaterial.uasset" 100
"../../../Engine/Content/EditorMaterials/PreviewShadowIndicator.uasset" 101
"../../../Engine/Content/EditorMaterials/PreviewShadowIndicatorMaterial.uasset" 102
"../../../Engine/Content/EditorMaterials/TargetIcon.uasset" 103
"../../../Engine/Content/EditorMaterials/Tick.uasset" 104
"../../../Engine/Content/EditorMaterials/Tick_Mat.uasset" 105
"../../../Engine/Content/EditorMaterials/WidgetGridVertexColorMaterial.uasset" 106
"../../../Engine/Content/EditorMaterials/WidgetGridVertexColorMaterial_Ma.uasset" 107
"../../../Engine/Content/EditorMaterials/WidgetMaterial.uasset" 108
"../../../Engine/Content/EditorMaterials/WidgetMaterial_Current.uasset" 109
"../../../Engine/Content/EditorMaterials/WidgetMaterial_X.uasset" 110
"../../../Engine/Content/EditorMaterials/WidgetMaterial_Y.uasset" 111
"../../../Engine/Content/EditorMaterials/WidgetMaterial_Z.uasset" 112
"../../../Engine/Content/EditorMaterials/WidgetVertexColorMaterial.uasset" 113
"../../../Engine/Content/EditorMaterials/MatineeGroups/MAT_ColorTrack.uasset" 114
"../../../Engine/Content/EditorMaterials/MatineeGroups/MAT_Groups_Anim.uasset" 115
"../../../Engine/Content/EditorMaterials/MatineeGroups/MAT_Groups_AudioMaster.uasset" 116
"../../../Engine/Content/EditorMaterials/MatineeGroups/MAT_Groups_Director.uasset" 117
"../../../Engine/Content/EditorMaterials/MatineeGroups/MAT_Groups_Event.uasset" 118
"../../../Engine/Content/EditorMaterials/MatineeGroups/MAT_Groups_Fade.uasset" 119
"../../../Engine/Content/EditorMaterials/MatineeGroups/MAT_Groups_Float.uasset" 120
"../../../Engine/Content/EditorMaterials/MatineeGroups/MAT_Groups_Move.uasset" 121
"../../../Engine/Content/EditorMaterials/MatineeGroups/MAT_Groups_Slomo.uasset" 122
"../../../Engine/Content/EditorMaterials/MatineeGroups/MAT_Groups_Sound.uasset" 123
"../../../Engine/Content/EditorMaterials/MatineeGroups/MAT_Groups_Vector.uasset" 124
"../../../Engine/Content/EditorMaterials/ParticleSystems/PSysThumbnail_NoImage.uasset" 125
"../../../Engine/Content/EditorMaterials/ParticleSystems/PSysThumbnail_OOD.uasset" 126
"../../../Engine/Content/EditorMaterials/Thumbnails/FloorPlaneMaterial.uasset" 127
"../../../Engine/Content/EditorMeshes/EditorCube.uasset" 128
"../../../Engine/Content/EditorMeshes/EditorCylinder.uasset" 129
"../../../Engine/Content/EditorMeshes/EditorPlane.uasset" 130
"../../../Engine/Content/EditorMaterials/Thumbnails/SkySphereMaterial.uasset" 131
"../../../Engine/Content/EditorMeshes/EditorSkySphere.uasset" 132
"../../../Engine/Content/EditorMeshes/EditorSphere.uasset" 133
"../../../Engine/Content/EditorResources/MatineeCam_D.uasset" 134
"../../../Engine/Content/EditorMaterials/MatineeCam_mat.uasset" 135
"../../../Engine/Content/EditorMeshes/MatineeCam_SM.uasset" 136
"../../../Engine/Content/Functions/Engine_MaterialFunctions01/Shading/ConvertFromDiffSpec.uasset" 137
"../../../Engine/Content/EditorMaterials/GridMaterial.uasset" 138
"../../../Engine/Content/EditorMeshes/PhAT_FloorBox.uasset" 139
"../../../Engine/Content/EditorMeshes/PlanarReflectionPlane.uasset" 140
"../../../Engine/Content/EngineDebugMaterials/M_SimpleOpaque.uasset" 141
"../../../Engine/Content/EditorMaterials/Camera/MI_CineMat_CamViewFinder.uasset" 142
"../../../Engine/Content/EditorMaterials/Camera/CineMat.uasset" 143
"../../../Engine/Content/EditorMaterials/Camera/MI_CineMat_CameraBody.uasset" 144
"../../../Engine/Content/EditorMeshes/Camera/SM_CineCam.uasset" 145
"../../../Engine/Content/EditorMaterials/Camera/MI_CineMat_Rig.uasset" 146
"../../../Engine/Content/EditorMeshes/Camera/SM_CraneRig_Arm.uasset" 147
"../../../Engine/Content/EditorMeshes/Camera/SM_CraneRig_Base.uasset" 148
"../../../Engine/Content/EditorMeshes/Camera/SM_CraneRig_Body.uasset" 149
"../../../Engine/Content/EditorMeshes/Camera/SM_CraneRig_Mount.uasset" 150
"../../../Engine/Content/EditorMeshes/Camera/SM_RailRig_Mount.uasset" 151
"../../../Engine/Content/EditorMeshes/Camera/SM_RailRig_Track.uasset" 152
"../../../Engine/Content/EditorMeshes/ColorCalibrator/M_ChromeBall.uasset" 153
"../../../Engine/Content/EditorResources/Bad.uasset" 154
"../../../Engine/Content/EditorResources/BSPVertex.uasset" 155
"../../../Engine/Content/EditorResources/EmptyActor.uasset" 156
"../../../Engine/Content/EditorResources/MatInstActSprite.uasset" 157
"../../../Engine/Content/EditorResources/SceneManager.uasset" 158
"../../../Engine/Content/EditorResources/SmallFont.uasset" 159
"../../../Engine/Content/EditorResources/S_Actor.uasset" 160
"../../../Engine/Content/EditorResources/S_CameraShakeSource.uasset" 161
"../../../Engine/Content/EditorResources/S_DecalActorIcon.uasset" 162
"../../../Engine/Content/EditorResources/S_Emitter.uasset" 163
"../../../Engine/Content/EditorResources/S_ExpoHeightFog.uasset" 164
"../../../Engine/Content/EditorResources/S_FTest.uasset" 165
"../../../Engine/Content/EditorResources/S_KBSJoint.uasset" 166
"../../../Engine/Content/EditorResources/S_KHinge.uasset" 167
"../../../Engine/Content/EditorResources/S_KPrismatic.uasset" 168
"../../../Engine/Content/EditorResources/S_LevelSequence.uasset" 169
"../../../Engine/Content/EditorResources/S_NavP.uasset" 170
"../../../Engine/Content/EditorResources/S_Note.uasset" 171
"../../../Engine/Content/EditorResources/S_Player.uasset" 172
"../../../Engine/Content/EditorResources/S_PortalActorIcon2.uasset" 173
"../../../Engine/Content/EditorResources/S_RadForce.uasset" 174
"../../../Engine/Content/EditorResources/S_ReflActorIcon.uasset" 175
"../../../Engine/Content/EditorResources/S_SkyAtmosphere.uasset" 176
"../../../Engine/Content/EditorResources/S_Solver.uasset" 177
"../../../Engine/Content/EditorResources/S_Terrain.uasset" 178
"../../../Engine/Content/EditorResources/S_TextRenderActorIcon.uasset" 179
"../../../Engine/Content/EditorResources/S_Thruster.uasset" 180
"../../../Engine/Content/EditorResources/S_Trigger.uasset" 181
"../../../Engine/Content/EditorResources/S_VectorFieldVol.uasset" 182
"../../../Engine/Content/EditorResources/S_VolumetricCloud.uasset" 183
"../../../Engine/Content/EditorResources/S_WindDirectional.uasset" 184
"../../../Engine/Content/EditorResources/AI/S_NavLink.uasset" 185
"../../../Engine/Content/EditorResources/LightIcons/SkyLight.uasset" 186
"../../../Engine/Content/EditorResources/LightIcons/S_LightDirectional.uasset" 187
"../../../Engine/Content/EditorResources/LightIcons/S_LightDirectionalMove.uasset" 188
"../../../Engine/Content/EditorResources/LightIcons/S_LightError.uasset" 189
"../../../Engine/Content/EditorResources/LightIcons/S_LightPoint.uasset" 190
"../../../Engine/Content/EditorResources/LightIcons/S_LightPointMove.uasset" 191
"../../../Engine/Content/EditorResources/LightIcons/S_LightSpot.uasset" 192
"../../../Engine/Content/EditorResources/LightIcons/S_LightSpotMove.uasset" 193
"../../../Engine/Content/EditorResources/SequenceRecorder/Countdown.uasset" 194
"../../../Engine/Content/EditorResources/SequenceRecorder/RecordingIndicator.uasset" 195
"../../../Engine/Content/EditorResources/Spline/T_Loft_Spline.uasset" 196
"../../../Engine/Content/EditorSounds/Notifications/CompileSuccess.uasset" 197
"../../../Engine/Content/EditorSounds/Notifications/CompileStart_Cue.uasset" 198
"../../../Engine/Content/EngineDamageTypes/DmgTypeBP_Environmental.uasset" 199
"../../../Engine/Content/EngineDebugMaterials/HeatmapGradient.uasset" 200
"../../../Engine/Content/EngineDebugMaterials/BoneWeightMaterial.uasset" 201
"../../../Engine/Content/EngineDebugMaterials/ClothMaterial.uasset" 202
"../../../Engine/Content/EngineDebugMaterials/ClothMaterial_WF.uasset" 203
"../../../Engine/Content/EngineDebugMaterials/DebugEditorMaterial.uasset" 204
"../../../Engine/Content/EngineDebugMaterials/DebugMeshMaterial.uasset" 205
"../../../Engine/Content/EngineDebugMaterials/GeomMaterial.uasset" 206
"../../../Engine/Content/EngineDebugMaterials/LevelColorationLitMaterial.uasset" 207
"../../../Engine/Content/EngineDebugMaterials/LevelColorationUnlitMaterial.uasset" 208
"../../../Engine/Content/EngineMaterials/DefaultWhiteGrid.uasset" 209
"../../../Engine/Content/EngineDebugMaterials/MAT_LevelColorationLitLightmapUV.uasset" 210
"../../../Engine/Content/EngineDebugMaterials/M_SimpleUnlitTranslucent.uasset" 211
"../../../Engine/Content/EngineDebugMaterials/VolumeToRender.uasset" 212
"../../../Engine/Content/Functions/Engine_MaterialFunctions02/Utility/CameraDirectionVector.uasset" 213
"../../../Engine/Content/EngineDebugMaterials/M_VolumeRenderSphereTracePP.uasset" 214
"../../../Engine/Content/EngineMaterials/DefaultWhiteGrid_Low.uasset" 215
"../../../Engine/Content/EngineDebugMaterials/PhysicalMaterialMaskMaterial.uasset" 216
"../../../Engine/Content/EngineDebugMaterials/ShadedLevelColorationLitMaterial.uasset" 217
"../../../Engine/Content/EngineDebugMaterials/ShadedLevelColorationUnlitMateri.uasset" 218
"../../../Engine/Content/EngineDebugMaterials/VertexColorMaterial.uasset" 219
"../../../Engine/Content/EngineDebugMaterials/VertexColorViewMode_AlphaAsColor.uasset" 220
"../../../Engine/Content/EngineDebugMaterials/VertexColorViewMode_BlueOnly.uasset" 221
"../../../Engine/Content/EngineDebugMaterials/VertexColorViewMode_ColorOnly.uasset" 222
"../../../Engine/Content/EngineDebugMaterials/VertexColorViewMode_GreenOnly.uasset" 223
"../../../Engine/Content/EngineDebugMaterials/VertexColorViewMode_RedOnly.uasset" 224
"../../../Engine/Content/EngineDebugMaterials/WireframeMaterial.uasset" 225
"../../../Engine/Content/EngineFonts/Faces/RobotoRegular.uasset" 226
"../../../Engine/Content/EngineFonts/Faces/RobotoLight.uasset" 227
"../../../Engine/Content/EngineFonts/Faces/RobotoItalic.uasset" 228
"../../../Engine/Content/EngineFonts/Faces/RobotoBoldItalic.uasset" 229
"../../../Engine/Content/EngineFonts/Faces/RobotoBold.uasset" 230
"../../../Engine/Content/EngineFonts/Faces/DroidSansFallback.uasset" 231
"../../../Engine/Content/EngineFonts/Roboto.uasset" 232
"../../../Engine/Content/EngineFonts/Faces/RobotoTiny.uasset" 233
"../../../Engine/Content/EngineFonts/RobotoTiny.uasset" 234
"../../../Engine/Content/EngineFonts/SmallFont.uasset" 235
"../../../Engine/Content/EngineFonts/TinyFont.uasset" 236
"../../../Engine/Content/EngineMaterials/BaseFlattenNormalMap.uasset" 237
"../../../Engine/Content/EngineMaterials/BaseFlattenGrayscaleMap.uasset" 238
"../../../Engine/Content/EngineMaterials/BaseFlattenEmissiveMap.uasset" 239
"../../../Engine/Content/EngineMaterials/BaseFlattenDiffuseMap.uasset" 240
"../../../Engine/Content/EngineMaterials/BaseFlattenMaterial.uasset" 241
"../../../Engine/Content/EngineResources/WhiteSquareTexture.uasset" 242
"../../../Engine/Content/EngineMaterials/BlinkingCaret.uasset" 243
"../../../Engine/Content/EngineMaterials/BlueNoise.uasset" 244
"../../../Engine/Content/EngineMaterials/DefaultBloomKernel.uasset" 245
"../../../Engine/Content/EngineMaterials/DefaultBokeh.uasset" 246
"../../../Engine/Content/EngineMaterials/DefaultDeferredDecalMaterial.uasset" 247
"../../../Engine/Content/EngineMaterials/DefaultLightFunctionMaterial.uasset" 248
"../../../Engine/Content/EngineMaterials/DefaultNormal.uasset" 249
"../../../Engine/Content/EngineMaterials/DefaultPostProcessMaterial.uasset" 250
"../../../Engine/Content/EngineFonts/RobotoDistanceField.uasset" 251
"../../../Engine/Content/EngineMaterials/DefaultTextMaterialOpaque.uasset" 252
"../../../Engine/Content/EngineMaterials/EditorBrushMaterial.uasset" 253
"../../../Engine/Content/EngineMaterials/EmissiveMeshMaterial.uasset" 254
"../../../Engine/Content/EngineMaterials/GizmoMaterial.uasset" 255
"../../../Engine/Content/EngineMaterials/Grid_N.uasset" 256
"../../../Engine/Content/EngineMaterials/HighResolutionScreenshotMaskFunction.uasset" 257
"../../../Engine/Content/EngineMaterials/HighResScreenshot.uasset" 258
"../../../Engine/Content/EngineMaterials/HighResScreenshotCaptureRegion.uasset" 259
"../../../Engine/Content/EngineMaterials/HighResScreenshotMask.uasset" 260
"../../../Engine/Content/EngineMaterials/LandscapeHolePhysicalMaterial.uasset" 261
"../../../Engine/Content/EngineMaterials/InvalidLightmapSettings.uasset" 262
"../../../Engine/Content/EngineMaterials/M_InvalidLightmapSettings.uasset" 263
"../../../Engine/Content/EngineMaterials/PaperDiffuse.uasset" 264
"../../../Engine/Content/EngineMaterials/PaperNormal.uasset" 265
"../../../Engine/Content/Functions/Engine_MaterialFunctions02/WorldPositionOffset/CameraOffset.uasset" 266
"../../../Engine/Content/EngineMaterials/PhAT_JointLimitMaterial.uasset" 267
"../../../Engine/Content/EngineMaterials/PhysMat_Rubber.uasset" 268
"../../../Engine/Content/EngineMaterials/PreintegratedSkinBRDF.uasset" 269
"../../../Engine/Content/EngineMaterials/RemoveSurfaceMaterial.uasset" 270
"../../../Engine/Content/EngineMaterials/WeightMapPlaceholderTexture.uasset" 271
"../../../Engine/Content/Functions/Engine_MaterialFunctions01/ImageAdjustment/sRGBToLinear.uasset" 272
"../../../Engine/Content/Functions/Engine_MaterialFunctions02/Utility/BreakOutFloat3Components.uasset" 273
"../../../Engine/Content/EngineMaterials/Widget3DCameraPassThrough_Opaque_OneSided.uasset" 274
"../../../Engine/Content/EngineMaterials/Widget3DPassThrough.uasset" 275
"../../../Engine/Content/EngineMaterials/Widget3DPassThrough_Masked.uasset" 276
"../../../Engine/Content/EngineMaterials/Widget3DPassThrough_Opaque.uasset" 277
"../../../Engine/Content/EngineMaterials/Widget3DPassThrough_Masked_OneSided.uasset" 278
"../../../Engine/Content/EngineMaterials/Widget3DPassThrough_Opaque_OneSided.uasset" 279
"../../../Engine/Content/EngineMaterials/Widget3DPassThrough_Translucent.uasset" 280
"../../../Engine/Content/EngineMaterials/Widget3DPassThrough_Translucent_OneSided.uasset" 281
"../../../Engine/Content/EngineMeshes/Cylinder.uasset" 282
"../../../Engine/Content/EngineMeshes/Sphere.uasset" 283
"../../../Engine/Content/EngineResources/Black.uasset" 284
"../../../Engine/Content/EngineResources/DefaultTextureCube.uasset" 285
"../../../Engine/Content/EngineResources/DefaultVolumeTexture2D.uasset" 286
"../../../Engine/Content/EngineResources/DefaultVolumeTexture.uasset" 287
"../../../Engine/Content/EngineResources/GradientTexture0.uasset" 288
"../../../Engine/Content/EngineResources/StreamingPauseIcon.uasset" 289
"../../../Engine/Content/EngineResources/M_StreamingPause.uasset" 290
"../../../Engine/Content/EngineSky/VolumetricClouds/T_NoiseShape64.uasset" 291
"../../../Engine/Content/EngineSky/VolumetricClouds/T_VolumeNoiseShape64.uasset" 292
"../../../Engine/Content/EngineSky/VolumetricClouds/T_NoiseErosion.uasset" 293
"../../../Engine/Content/EngineSky/VolumetricClouds/T_VolumeNoiseErosion32.uasset" 294
"../../../Engine/Content/EngineSky/VolumetricClouds/CloudWeatherTexture.uasset" 295
"../../../Engine/Content/EngineSky/VolumetricClouds/CloudGradientTexture.uasset" 296
"../../../Engine/Content/EngineSky/VolumetricClouds/m_SimpleVolumetricCloud.uasset" 297
"../../../Engine/Content/EngineSky/VolumetricClouds/m_SimpleVolumetricCloud_Inst.uasset" 298
"../../../Engine/Content/EngineSounds/Master.uasset" 299
"../../../Engine/Content/Functions/Engine_MaterialFunctions01/Shading/PowerToRoughness.uasset" 300
"../../../Engine/Content/Maps/Templates/Thumbnails/Default.uasset" 301
"../../../Engine/Content/Maps/Templates/Thumbnails/TimeOfDay.uasset" 302
"../../../Engine/Content/Maps/Templates/Thumbnails/VR-Basic.uasset" 303
"../../../Engine/Content/MapTemplates/SM_Template_Map_Floor.uasset" 304
"../../../Engine/Content/MapTemplates/Sky/DaylightAmbientCubemap.uasset" 305
"../../../Engine/Content/MobileResources/T_MobileControls_texture.uasset" 306
"../../../Engine/Content/MobileResources/T_MobileMenu2.uasset" 307
"../../../Engine/Content/MobileResources/HUD/AnalogHat.uasset" 308
"../../../Engine/Content/MobileResources/HUD/VirtualJoystick_Thumb.uasset" 309
"../../../Engine/Content/MobileResources/HUD/VirtualJoystick_Background.uasset" 310
"../../../Engine/Content/MobileResources/HUD/DefaultVirtualJoysticks.uasset" 311
"../../../Engine/Content/MobileResources/HUD/LeftVirtualJoystickOnly.uasset" 312
"../../../Engine/Content/MobileResources/HUD/MobileHUDButton1_off.uasset" 313
"../../../Engine/Content/MobileResources/HUD/MobileHUDButton1_on.uasset" 314
"../../../Engine/Content/MobileResources/HUD/MobileHUDButton2_off.uasset" 315
"../../../Engine/Content/MobileResources/HUD/MobileHUDButton2_on.uasset" 316
"../../../Engine/Content/MobileResources/HUD/MobileHUDButton3.uasset" 317
"../../../Engine/Content/MobileResources/HUD/MobileHUDButtonFire.uasset" 318
"../../../Engine/Content/MobileResources/HUD/MobileHUDDirectionPad.uasset" 319
"../../../Engine/Content/MobileResources/HUD/MobileHUDDirectionPad2.uasset" 320
"../../../Engine/Content/MobileResources/HUD/MobileHUDDirectionPad3.uasset" 321
"../../../Engine/Content/MobileResources/HUD/MobileHUDDirectionStick.uasset" 322
"../../../Engine/Content/MobileResources/HUD/T_Castle_ThumbstickInner.uasset" 323
"../../../Engine/Content/MobileResources/HUD/T_Castle_ThumbstickOutter.uasset" 324
"../../../Engine/Content/Tutorial/ContentIntroCurve.uasset" 325
"../../../Engine/Content/Tutorial/Basics/ContentBrowserOverview.uasset" 326
"../../../Engine/Content/Tutorial/Basics/FeaturePacks.uasset" 327
"../../../Engine/Content/Tutorial/Basics/LevelEditorAttract.uasset" 328
"../../../Engine/Content/Tutorial/Basics/TutorialAssets/icon_tab_Levels_40x.uasset" 329
"../../../Engine/Content/Tutorial/Basics/LevelEditorOverview.uasset" 330
"../../../Engine/Content/Tutorial/Basics/TutorialAssets/CameraActor_64x.uasset" 331
"../../../Engine/Content/Tutorial/Basics/ViewportsTutorial.uasset" 332
"../../../Engine/Content/Tutorial/BlueprintTutorials/TutorialAssets/Blueprint_64x.uasset" 333
"../../../Engine/Content/Tutorial/BlueprintTutorials/BlueprintEditorTutorial.uasset" 334
"../../../Engine/Content/Tutorial/BlueprintTutorials/LevelBlueprintEditorOverview.uasset" 335
"../../../Engine/Content/Tutorial/BlueprintTutorials/TutorialAssets/Tutorial_BP_MacroLib.uasset" 336
"../../../Engine/Content/Tutorial/InWorldBlueprintEditing/IWBE_Tutorial.uasset" 337
"../../../Engine/Content/Tutorial/InWorldBlueprintEditing/IWBE_Tutorial_Part2.uasset" 338
"../../../Engine/Content/Tutorial/InWorldBlueprintEditing/IWBE_Tutorial_Part3.uasset" 339
"../../../Engine/Content/VREditor/TransformGizmo/TranslucentTransformGizmoMaterial.uasset" 340
"../../../Engine/Content/VREditor/LaserPointer/VR_LaserPower_01.uasset" 341
"../../../Engine/Content/VREditor/TransformGizmo/TransformGizmoMaterial.uasset" 342
"../../../Engine/Content/VREditor/TransformGizmo/BoundingBoxCorner.uasset" 343
"../../../Engine/Content/VREditor/TransformGizmo/BoundingBoxEdge.uasset" 344
"../../../Engine/Content/VREditor/TransformGizmo/PlaneTranslationHandle.uasset" 345
"../../../Engine/Content/VREditor/TransformGizmo/Xray.uasset" 346
"../../../Engine/Content/VREditor/TransformGizmo/Main.uasset" 347
"../../../Engine/Content/VREditor/TransformGizmo/SM_Sequencer_Key.uasset" 348
"../../../Engine/Content/VREditor/TransformGizmo/SM_Sequencer_Node.uasset" 349
"E:/Unreal Engine Projects/BoomerShooter/Content/Assets/FXVarietyPack/EpicContent/Blueprints/BP_DemoDisplay_Enum.uasset" 350
"E:/Unreal Engine Projects/BoomerShooter/Content/Assets/FXVarietyPack/EpicContent/Blueprints/BP_DemoRoom_Enum.uasset" 351
"E:/Unreal Engine Projects/BoomerShooter/Content/MedievalDungeon/Textures/T_Metal_N.uasset" 352
"E:/Unreal Engine Projects/BoomerShooter/Content/MedievalDungeon/Textures/T_Metal_C.uasset" 353
"E:/Unreal Engine Projects/BoomerShooter/Content/MedievalDungeon/Textures/T_Metal_A.uasset" 354
"E:/Unreal Engine Projects/BoomerShooter/Content/MedievalDungeon/Textures/T_Blank_N.uasset" 355
"E:/Unreal Engine Projects/BoomerShooter/Content/MedievalDungeon/Textures/T_Blank_C.uasset" 356
"E:/Unreal Engine Projects/BoomerShooter/Content/MedievalDungeon/Textures/T_Blank_A.uasset" 357
"../../../Engine/Content/Functions/Engine_MaterialFunctions02/Math/MultiplyAdd.uasset" 358
"../../../Engine/Content/Functions/Engine_MaterialFunctions01/Gradient/LinearGradient.uasset" 359
"../../../Engine/Content/Functions/Engine_MaterialFunctions01/ImageAdjustment/CheapContrast.uasset" 360
"../../../Engine/Content/Functions/Engine_MaterialFunctions02/Texturing/ScreenAlignedPixelToPixelUVs.uasset" 361
"../../../Engine/Content/EngineMaterials/Good64x64TilingNoiseHighFreq.uasset" 362
"../../../Engine/Content/Functions/Engine_MaterialFunctions02/Utility/DitherTemporalAA.uasset" 363
"E:/Unreal Engine Projects/BoomerShooter/Content/MedievalDungeon/Materials/M_Master.uasset" 364
"E:/Unreal Engine Projects/BoomerShooter/Content/MedievalDungeon/Materials/M_Metal_Decor_Inst.uasset" 365
"E:/Unreal Engine Projects/BoomerShooter/Content/MedievalDungeon/Textures/T_DoorHardware_N.uasset" 366
"E:/Unreal Engine Projects/BoomerShooter/Content/MedievalDungeon/Textures/T_DoorHardware_C.uasset" 367
"E:/Unreal Engine Projects/BoomerShooter/Content/MedievalDungeon/Textures/T_DoorHardware_Albedo.uasset" 368
"E:/Unreal Engine Projects/BoomerShooter/Content/MedievalDungeon/Materials/M_Door_Hardware_Inst.uasset" 369
"E:/Unreal Engine Projects/BoomerShooter/Content/MedievalDungeon/Textures/T_DoorWay_Large_DoorRight_Compact.uasset" 370
"E:/Unreal Engine Projects/BoomerShooter/Content/MedievalDungeon/Textures/T_DoorWay_Large_Door_Right_Normal.uasset" 371
"E:/Unreal Engine Projects/BoomerShooter/Content/MedievalDungeon/Textures/T_DoorWay_Large_Door_Right_Albedo.uasset" 372
"E:/Unreal Engine Projects/BoomerShooter/Content/MedievalDungeon/Materials/M_Doorway_Large_Right_Door_Inst.uasset" 373
"E:/Unreal Engine Projects/BoomerShooter/Content/MedievalDungeon/Meshes/Architecture/Dungeon/SM_DoorWay_Large_Door_Right.uasset" 374
"E:/Unreal Engine Projects/BoomerShooter/Content/MedievalDungeon/Textures/T_DoorWay_Large_Door_Left_Normal.uasset" 375
"E:/Unreal Engine Projects/BoomerShooter/Content/MedievalDungeon/Textures/T_DoorWay_Large_Door_Left_Compact.uasset" 376
"E:/Unreal Engine Projects/BoomerShooter/Content/MedievalDungeon/Textures/T_DoorWay_Large_Door_Left_Albedo.uasset" 377
"E:/Unreal Engine Projects/BoomerShooter/Content/MedievalDungeon/Materials/M_Doorway_Large_Left_Door_Inst.uasset" 378
"E:/Unreal Engine Projects/BoomerShooter/Content/MedievalDungeon/Meshes/Architecture/Dungeon/SM_DoorWay_Large_Door_Left.uasset" 379
"E:/Unreal Engine Projects/BoomerShooter/Content/MedievalDungeon/Textures/T_Large_Window_Half_N.uasset" 380
"E:/Unreal Engine Projects/BoomerShooter/Content/MedievalDungeon/Textures/T_Large_Window_Half_C.uasset" 381
"E:/Unreal Engine Projects/BoomerShooter/Content/MedievalDungeon/Textures/T_Large_Window_Half_A.uasset" 382
"E:/Unreal Engine Projects/BoomerShooter/Content/MedievalDungeon/Materials/M_Large_Window_Half_Inst.uasset" 383
"E:/Unreal Engine Projects/BoomerShooter/Content/MedievalDungeon/Textures/T_StoneWall_N.uasset" 384
"E:/Unreal Engine Projects/BoomerShooter/Content/MedievalDungeon/Textures/T_StoneWall_H.uasset" 385
"E:/Unreal Engine Projects/BoomerShooter/Content/MedievalDungeon/Textures/T_StoneWall_C.uasset" 386
"E:/Unreal Engine Projects/BoomerShooter/Content/MedievalDungeon/Textures/T_StoneWall_A.uasset" 387
"../../../Engine/Content/EngineVolumetrics/Fogsheet/Materials/T_EV_BlankWhite_01.uasset" 388
"../../../Engine/Content/Functions/Engine_MaterialFunctions02/Math/InverseTransformMatrix.uasset" 389
"../../../Engine/Content/Functions/Engine_MaterialFunctions02/SafeNormalize.uasset" 390
"../../../Engine/Content/Functions/Engine_MaterialFunctions02/Math/CreateThirdOrthogonalVector.uasset" 391
"../../../Engine/Content/Functions/Engine_MaterialFunctions02/Math/TransformToZVector.uasset" 392
"../../../Engine/Content/Functions/Engine_MaterialFunctions01/Texturing/ParallaxOcclusionMapping.uasset" 393
"E:/Unreal Engine Projects/BoomerShooter/Content/MedievalDungeon/Materials/M_Tiling_Master.uasset" 394
"E:/Unreal Engine Projects/BoomerShooter/Content/MedievalDungeon/Materials/M_StoneWall_Inst.uasset" 395
"E:/Unreal Engine Projects/BoomerShooter/Content/MedievalDungeon/Meshes/Architecture/Crypt/SM_Crypt_Doorway.uasset" 396
"E:/Unreal Engine Projects/BoomerShooter/Content/MedievalDungeon/Blueprints/BP_Crypt_Doorway.uasset" 397
"E:/Unreal Engine Projects/BoomerShooter/Content/Blueprints/BP_Crypt_Doorway_Child.uasset" 398
"E:/Unreal Engine Projects/BoomerShooter/Content/SuperGrid/StarterPack/Source/Textures/T_HexagonRandom.uasset" 399
"E:/Unreal Engine Projects/BoomerShooter/Content/SuperGrid/StarterPack/Source/Textures/T_Hexagon_N.uasset" 400
"E:/Unreal Engine Projects/BoomerShooter/Content/SuperGrid/StarterPack/Source/Textures/T_ConcreteWall_R.uasset" 401
"../../../Engine/Content/Functions/Engine_MaterialFunctions02/WorldPositionOffset/ObjectScale.uasset" 402
"E:/Unreal Engine Projects/BoomerShooter/Content/SuperGrid/StarterPack/Materials/Functions/UV/UV_ObjectScalable.uasset" 403
"E:/Unreal Engine Projects/BoomerShooter/Content/SuperGrid/StarterPack/Materials/Functions/UV/UV_CustomTexture.uasset" 404
"E:/Unreal Engine Projects/BoomerShooter/Content/SuperGrid/StarterPack/Materials/Base/M_SuperGrid_Hexagon.uasset" 405
"E:/Unreal Engine Projects/BoomerShooter/Content/SuperGrid/StarterPack/Materials/Palette/Advanced/M_SuperGrid_HexagonRed.uasset" 406
"E:/Unreal Engine Projects/BoomerShooter/Content/SuperGrid/StarterPack/Source/Textures/T_BasicGrid_N.uasset" 407
"E:/Unreal Engine Projects/BoomerShooter/Content/SuperGrid/StarterPack/Materials/Functions/Basic/BreakSet.uasset" 408
"E:/Unreal Engine Projects/BoomerShooter/Content/SuperGrid/StarterPack/Materials/Functions/Texture/Dye_SingleColor.uasset" 409
"E:/Unreal Engine Projects/BoomerShooter/Content/SuperGrid/StarterPack/Source/Textures/T_BasicGrid_M.uasset" 410
"E:/Unreal Engine Projects/BoomerShooter/Content/SuperGrid/StarterPack/Materials/Functions/UV/UV_SetupGrid.uasset" 411
"E:/Unreal Engine Projects/BoomerShooter/Content/SuperGrid/StarterPack/Materials/Functions/Texture/Tex_SimpleGrid.uasset" 412
"E:/Unreal Engine Projects/BoomerShooter/Content/SuperGrid/StarterPack/Materials/Functions/Basic/Roughness.uasset" 413
"E:/Unreal Engine Projects/BoomerShooter/Content/SuperGrid/StarterPack/Materials/Functions/Basic/MakeSet.uasset" 414
"E:/Unreal Engine Projects/BoomerShooter/Content/SuperGrid/StarterPack/Materials/Base/M_SuperGrid_SingleColor.uasset" 415
"E:/Unreal Engine Projects/BoomerShooter/Content/SuperGrid/StarterPack/Materials/Palette/Grids/M_SuperGrid_Default.uasset" 416
"E:/Unreal Engine Projects/BoomerShooter/Content/SuperGrid/StarterPack/Source/Meshes/SuperGrid_Box.uasset" 417
"E:/Unreal Engine Projects/BoomerShooter/Content/Blueprints/BP_ExitDoor.uasset" 418
"E:/Unreal Engine Projects/BoomerShooter/Content/Assets/Textures/UIBase_ThreeBars.uasset" 419
"E:/Unreal Engine Projects/BoomerShooter/Content/Blueprints/UI/WBP_HealthMana.uasset" 420
"E:/Unreal Engine Projects/BoomerShooter/Content/Blueprints/UI/WBP_DeathScreen.uasset" 421
"E:/Unreal Engine Projects/BoomerShooter/Content/Assets/SFX/Ambient/Explosion02.uasset" 422
"E:/Unreal Engine Projects/BoomerShooter/Content/Assets/SFX/Ambient/Explosion01.uasset" 423
"E:/Unreal Engine Projects/BoomerShooter/Content/Assets/SFX/Ambient/Explosion_Cue.uasset" 424
"E:/Unreal Engine Projects/BoomerShooter/Content/Assets/FXVarietyPack/Textures/T_ky_smoke1.uasset" 425
"E:/Unreal Engine Projects/BoomerShooter/Content/Assets/FXVarietyPack/Textures/T_ky_noise6.uasset" 426
"../../../Engine/Content/Functions/Engine_MaterialFunctions01/Density/ExponentialDensity.uasset" 427
"../../../Engine/Content/Functions/Engine_MaterialFunctions01/Gradient/RadialGradientExponential.uasset" 428
"E:/Unreal Engine Projects/BoomerShooter/Content/Assets/FXVarietyPack/Materials/M_ky_smoke01.uasset" 429
"E:/Unreal Engine Projects/BoomerShooter/Content/Assets/FXVarietyPack/Textures/T_ky_flare_a.uasset" 430
"E:/Unreal Engine Projects/BoomerShooter/Content/Assets/FXVarietyPack/Materials/M_ky_flare_flash.uasset" 431
"E:/Unreal Engine Projects/BoomerShooter/Content/Assets/FXVarietyPack/Materials/MI_ky_flare_flash_trs.uasset" 432
"E:/Unreal Engine Projects/BoomerShooter/Content/Assets/FXVarietyPack/Particles/P_ky_fireBall.uasset" 433
"E:/Unreal Engine Projects/BoomerShooter/Content/Assets/FXVarietyPack/Materials/M_ky_primitive_dyn2.uasset" 434
"E:/Unreal Engine Projects/BoomerShooter/Content/Assets/FXVarietyPack/Materials/MI_ky_primitive_dynB_two.uasset" 435
"../../../Engine/Content/Functions/Engine_MaterialFunctions02/Fresnel_Function.uasset" 436
"E:/Unreal Engine Projects/BoomerShooter/Content/Assets/FXVarietyPack/Materials/M_ky_primitive.uasset" 437
"E:/Unreal Engine Projects/BoomerShooter/Content/Assets/FXVarietyPack/Materials/MI_ky_primitive2b_trs.uasset" 438
"E:/Unreal Engine Projects/BoomerShooter/Content/Assets/FXVarietyPack/Textures/T_ky_decoLinesB.uasset" 439
"E:/Unreal Engine Projects/BoomerShooter/Content/Assets/FXVarietyPack/Textures/T_ky_decoLines.uasset" 440
"E:/Unreal Engine Projects/BoomerShooter/Content/Assets/FXVarietyPack/Materials/Mfunction/MF_ky_VectorToRadialValue.uasset" 441
"E:/Unreal Engine Projects/BoomerShooter/Content/Assets/FXVarietyPack/Materials/M_ky_polar.uasset" 442
"E:/Unreal Engine Projects/BoomerShooter/Content/Assets/FXVarietyPack/Materials/MI_ky_polar_two.uasset" 443
"E:/Unreal Engine Projects/BoomerShooter/Content/Assets/FXVarietyPack/Meshes/SM_ky_quad_centerRot.uasset" 444
"E:/Unreal Engine Projects/BoomerShooter/Content/Assets/FXVarietyPack/Textures/T_ky_smoke_kai.uasset" 445
"E:/Unreal Engine Projects/BoomerShooter/Content/Assets/FXVarietyPack/Textures/T_ky_dist_noise.uasset" 446
"E:/Unreal Engine Projects/BoomerShooter/Content/Assets/FXVarietyPack/Materials/M_ky_base_turbulence.uasset" 447
"E:/Unreal Engine Projects/BoomerShooter/Content/Assets/FXVarietyPack/Materials/MI_ky_turbulence_smoke2d_trs.uasset" 448
"E:/Unreal Engine Projects/BoomerShooter/Content/Assets/FXVarietyPack/Particles/P_ky_explosion.uasset" 449
"E:/Unreal Engine Projects/BoomerShooter/Content/Blueprints/Weapons/BP_Fireball.uasset" 450
"E:/Unreal Engine Projects/BoomerShooter/Content/Assets/SFX/Guns/Fire.uasset" 451
"E:/Unreal Engine Projects/BoomerShooter/Content/Assets/SFX/Guns/FireStaff_Cue.uasset" 452
"E:/Unreal Engine Projects/BoomerShooter/Content/Assets/FXVarietyPack/Textures/T_ky_shockwave12_4x4.uasset" 453
"E:/Unreal Engine Projects/BoomerShooter/Content/Assets/FXVarietyPack/Textures/T_ky_bg.uasset" 454
"E:/Unreal Engine Projects/BoomerShooter/Content/Assets/FXVarietyPack/Materials/M_ky_subUV01.uasset" 455
"E:/Unreal Engine Projects/BoomerShooter/Content/Assets/FXVarietyPack/Materials/MI_ky_shockwave12_4x4.uasset" 456
"E:/Unreal Engine Projects/BoomerShooter/Content/Assets/FXVarietyPack/Materials/MI_ky_polarG_nonD.uasset" 457
"E:/Unreal Engine Projects/BoomerShooter/Content/Assets/Particles/P_ky_hit2_small.uasset" 458
"E:/Unreal Engine Projects/BoomerShooter/Content/Assets/FXVarietyPack/Particles/P_ky_hit2.uasset" 459
"E:/Unreal Engine Projects/BoomerShooter/Content/Assets/ShardgunModel/Red_oak_pxr128.uasset" 460
"E:/Unreal Engine Projects/BoomerShooter/Content/Assets/Materials/Stock.uasset" 461
"E:/Unreal Engine Projects/BoomerShooter/Content/Assets/Textures/Beam.uasset" 462
"E:/Unreal Engine Projects/BoomerShooter/Content/Assets/Materials/M_Beam.uasset" 463
"E:/Unreal Engine Projects/BoomerShooter/Content/Assets/Particles/P_SmokeTrail.uasset" 464
"E:/Unreal Engine Projects/BoomerShooter/Content/Assets/Materials/Brass.uasset" 465
"E:/Unreal Engine Projects/BoomerShooter/Content/Assets/Materials/Crystal.uasset" 466
"E:/Unreal Engine Projects/BoomerShooter/Content/Assets/Materials/Crystal_Inst.uasset" 467
"E:/Unreal Engine Projects/BoomerShooter/Content/Assets/Wood.uasset" 468
"E:/Unreal Engine Projects/BoomerShooter/Content/Assets/Mage_Staff_Single_Mesh.uasset" 469
"E:/Unreal Engine Projects/BoomerShooter/Content/Blueprints/Weapons/StaffOfTheFireMage.uasset" 470
"E:/Unreal Engine Projects/BoomerShooter/Content/Assets/SFX/Guns/qubodupElectricityDamage01.uasset" 471
"E:/Unreal Engine Projects/BoomerShooter/Content/Assets/FXVarietyPack/Materials/MI_ky_smoke01b.uasset" 472
"E:/Unreal Engine Projects/BoomerShooter/Content/Assets/FXVarietyPack/Materials/MI_ky_smoke01.uasset" 473
"E:/Unreal Engine Projects/BoomerShooter/Content/Assets/FXVarietyPack/Textures/T_ky_lightningDust01_4x4.uasset" 474
"E:/Unreal Engine Projects/BoomerShooter/Content/Assets/FXVarietyPack/Textures/T_ky_bg_LC.uasset" 475
"E:/Unreal Engine Projects/BoomerShooter/Content/Assets/FXVarietyPack/Materials/M_ky_subUV_dynRGB.uasset" 476
"E:/Unreal Engine Projects/BoomerShooter/Content/Assets/FXVarietyPack/Materials/MI_ky_lightningDust01_4x4_nonD.uasset" 477
"E:/Unreal Engine Projects/BoomerShooter/Content/Assets/FXVarietyPack/Textures/T_ky_lightning02_4x4.uasset" 478
"E:/Unreal Engine Projects/BoomerShooter/Content/Assets/FXVarietyPack/Materials/MI_ky_lightning02_4x4.uasset" 479
"E:/Unreal Engine Projects/BoomerShooter/Content/Assets/FXVarietyPack/Materials/M_ky_empty.uasset" 480
"E:/Unreal Engine Projects/BoomerShooter/Content/Assets/FXVarietyPack/Particles/P_ky_ThunderBallHit.uasset" 481
"E:/Unreal Engine Projects/BoomerShooter/Content/Assets/FXVarietyPack/Particles/P_ky_thunderBall.uasset" 482
"E:/Unreal Engine Projects/BoomerShooter/Content/Blueprints/Weapons/BP_LightningBall.uasset" 483
"E:/Unreal Engine Projects/BoomerShooter/Content/Assets/ShardgunModel/VoltArm/SimpleColorPalette.uasset" 484
"E:/Unreal Engine Projects/BoomerShooter/Content/Assets/ShardgunModel/VoltArm/Material_001.uasset" 485
"E:/Unreal Engine Projects/BoomerShooter/Content/Assets/ShardgunModel/VoltArm/Emmissive.uasset" 486
"E:/Unreal Engine Projects/BoomerShooter/Content/Assets/ShardgunModel/VoltArm/LightningGun_Rigged.uasset" 487
"E:/Unreal Engine Projects/BoomerShooter/Content/Assets/SFX/Impacts/sw_Impt_Launcher_Close_05.uasset" 488
"E:/Unreal Engine Projects/BoomerShooter/Content/Assets/SFX/Impacts/sw_Impt_Launcher_Close_04.uasset" 489
"E:/Unreal Engine Projects/BoomerShooter/Content/Assets/SFX/Impacts/sw_Impt_Launcher_Close_03.uasset" 490
"E:/Unreal Engine Projects/BoomerShooter/Content/Assets/SFX/Impacts/sw_Impt_Launcher_Close_02.uasset" 491
"E:/Unreal Engine Projects/BoomerShooter/Content/Assets/SFX/Impacts/sw_Impt_Launcher_Close_01.uasset" 492
"E:/Unreal Engine Projects/BoomerShooter/Content/Assets/SFX/Guns/LightningCue.uasset" 493
"E:/Unreal Engine Projects/BoomerShooter/Content/Assets/Particles/P_ky_ThunderBallHitSmall.uasset" 494
"E:/Unreal Engine Projects/BoomerShooter/Content/Assets/Materials/M_Lightning.uasset" 495
"E:/Unreal Engine Projects/BoomerShooter/Content/Assets/Materials/M_Lightning_Inst.uasset" 496
"E:/Unreal Engine Projects/BoomerShooter/Content/Assets/Particles/Lightning.uasset" 497
"E:/Unreal Engine Projects/BoomerShooter/Content/Blueprints/Weapons/BP_VoltaicArm.uasset" 498
"E:/Unreal Engine Projects/BoomerShooter/Content/Assets/FPS_Weapon_Bundle/Weapons/Textures/KA47/T_KA47_NRM.uasset" 499
"E:/Unreal Engine Projects/BoomerShooter/Content/Assets/FPS_Weapon_Bundle/Weapons/Textures/KA47/T_KA47_M_MSK.uasset" 500
"E:/Unreal Engine Projects/BoomerShooter/Content/Assets/FPS_Weapon_Bundle/Weapons/Textures/KA47/T_KA47_ALB.uasset" 501
"E:/Unreal Engine Projects/BoomerShooter/Content/Assets/FPS_Weapon_Bundle/Weapons/Textures/Patterns/T_Stripes__Pattern.uasset" 502
"E:/Unreal Engine Projects/BoomerShooter/Content/Assets/FPS_Weapon_Bundle/Weapons/Textures/KA74U/T_KA74U_NRM.uasset" 503
"E:/Unreal Engine Projects/BoomerShooter/Content/Assets/FPS_Weapon_Bundle/Weapons/Textures/KA74U/T_KA74U_M_MSK.uasset" 504
"E:/Unreal Engine Projects/BoomerShooter/Content/Assets/FPS_Weapon_Bundle/Weapons/Textures/KA74U/T_KA74U_ALB.uasset" 505
"E:/Unreal Engine Projects/BoomerShooter/Content/Assets/FPS_Weapon_Bundle/Weapons/Materials/Master_Material/M_Weapon_Master_USE.uasset" 506
"E:/Unreal Engine Projects/BoomerShooter/Content/Assets/FPS_Weapon_Bundle/Weapons/Materials/Ka47/M_KA47.uasset" 507
"E:/Unreal Engine Projects/BoomerShooter/Content/Assets/FPS_Weapon_Bundle/Weapons/Textures/Ammunition/T_762x39_NRM.uasset" 508
"E:/Unreal Engine Projects/BoomerShooter/Content/Assets/FPS_Weapon_Bundle/Weapons/Textures/Ammunition/T_762x39_M_MSK.uasset" 509
"E:/Unreal Engine Projects/BoomerShooter/Content/Assets/FPS_Weapon_Bundle/Weapons/Textures/Ammunition/T_762x39_ALB.uasset" 510
"E:/Unreal Engine Projects/BoomerShooter/Content/Assets/FPS_Weapon_Bundle/Weapons/Materials/Ammunition/M_762x39_Empty.uasset" 511
"E:/Unreal Engine Projects/BoomerShooter/Content/Assets/FPS_Weapon_Bundle/Weapons/Meshes/Ka47/SM_KA47_X.uasset" 512
"E:/Unreal Engine Projects/BoomerShooter/Content/Assets/SFX/Guns/rifleshot.uasset" 513
"E:/Unreal Engine Projects/BoomerShooter/Content/Assets/SFX/Guns/SC_Rifle.uasset" 514
"E:/Unreal Engine Projects/BoomerShooter/Content/Assets/FXVarietyPack/Materials/MI_ky_polarC_two.uasset" 515
"E:/Unreal Engine Projects/BoomerShooter/Content/Assets/FXVarietyPack/Meshes/SM_ky_windSmokeVertRot.uasset" 516
"E:/Unreal Engine Projects/BoomerShooter/Content/Assets/FXVarietyPack/Meshes/SM_ky_planeBend.uasset" 517
"E:/Unreal Engine Projects/BoomerShooter/Content/Assets/FXVarietyPack/Textures/T_ky_flareVert.uasset" 518
"E:/Unreal Engine Projects/BoomerShooter/Content/Assets/FXVarietyPack/Materials/M_ky_flareVert.uasset" 519
"E:/Unreal Engine Projects/BoomerShooter/Content/Assets/FXVarietyPack/Meshes/SM_ky_quads.uasset" 520
"E:/Unreal Engine Projects/BoomerShooter/Content/Assets/FXVarietyPack/Textures/T_ky_maskRGB5.uasset" 521
"E:/Unreal Engine Projects/BoomerShooter/Content/Assets/FXVarietyPack/Textures/T_ky_flare3.uasset" 522
"E:/Unreal Engine Projects/BoomerShooter/Content/Assets/FXVarietyPack/Materials/M_ky_flarePillar.uasset" 523
"E:/Unreal Engine Projects/BoomerShooter/Content/Assets/FXVarietyPack/Textures/T_ky_noise5.uasset" 524
"E:/Unreal Engine Projects/BoomerShooter/Content/Assets/FXVarietyPack/Textures/T_ky_deco_doom.uasset" 525
"../../../Engine/Content/EngineResources/DefaultTexture.uasset" 526
"E:/Unreal Engine Projects/BoomerShooter/Content/Assets/FXVarietyPack/Materials/Mfunction/MF_ky_TexController_primitive.uasset" 527
"E:/Unreal Engine Projects/BoomerShooter/Content/Assets/FXVarietyPack/Materials/Mfunction/MF_ky_TexController.uasset" 528
"E:/Unreal Engine Projects/BoomerShooter/Content/Assets/FXVarietyPack/Materials/M_ky_aura9.uasset" 529
"E:/Unreal Engine Projects/BoomerShooter/Content/Assets/FXVarietyPack/Materials/MI_ky_aura9.uasset" 530
"E:/Unreal Engine Projects/BoomerShooter/Content/Assets/Particles/P_ky_shotShockwave_Inst.uasset" 531
"E:/Unreal Engine Projects/BoomerShooter/Content/Blueprints/Weapons/BP_AK47.uasset" 532
"E:/Unreal Engine Projects/BoomerShooter/Content/Assets/SFX/Guns/qubodupIceDamage03d.uasset" 533
"E:/Unreal Engine Projects/BoomerShooter/Content/Assets/FXVarietyPack/Materials/MI_ky_smoke01c.uasset" 534
"E:/Unreal Engine Projects/BoomerShooter/Content/Assets/FXVarietyPack/Materials/M_ky_waterDust02.uasset" 535
"E:/Unreal Engine Projects/BoomerShooter/Content/Assets/FXVarietyPack/Particles/P_ky_waterBallHit.uasset" 536
"E:/Unreal Engine Projects/BoomerShooter/Content/Assets/FXVarietyPack/Particles/P_ky_waterBall.uasset" 537
"E:/Unreal Engine Projects/BoomerShooter/Content/Assets/Material.uasset" 538
"E:/Unreal Engine Projects/BoomerShooter/Content/Assets/IceSpike.uasset" 539
"E:/Unreal Engine Projects/BoomerShooter/Content/Blueprints/Weapons/BP_IceSpike.uasset" 540
"E:/Unreal Engine Projects/BoomerShooter/Content/Assets/SFX/Guns/shotgun.uasset" 541
"E:/Unreal Engine Projects/BoomerShooter/Content/Assets/SFX/Guns/Shardgun_Cue.uasset" 542
"E:/Unreal Engine Projects/BoomerShooter/Content/Assets/Particles/P_SmokeTrail_Ice.uasset" 543
"E:/Unreal Engine Projects/BoomerShooter/Content/Assets/Particles/P_ky_waterBallHitSmall.uasset" 544
"E:/Unreal Engine Projects/BoomerShooter/Content/Assets/ShardgunModel/imgp5514_seamless_2.uasset" 545
"E:/Unreal Engine Projects/BoomerShooter/Content/Assets/Materials/Pitted_Metal.uasset" 546
"E:/Unreal Engine Projects/BoomerShooter/Content/Assets/Materials/Metal.uasset" 547
"E:/Unreal Engine Projects/BoomerShooter/Content/Assets/Materials/Crystal_Housing.uasset" 548
"E:/Unreal Engine Projects/BoomerShooter/Content/Assets/Shardgun_OldReliable_SingleMesh_NoBones.uasset" 549
"E:/Unreal Engine Projects/BoomerShooter/Content/Blueprints/Weapons/BP_Shardgun.uasset" 550
"E:/Unreal Engine Projects/BoomerShooter/Content/Assets/ShardgunModel/SuperShardgun/Wood.uasset" 551
"E:/Unreal Engine Projects/BoomerShooter/Content/Assets/ShardgunModel/SuperShardgun/Metal.uasset" 552
"E:/Unreal Engine Projects/BoomerShooter/Content/Assets/ShardgunModel/SuperShardgun/Material.uasset" 553
"E:/Unreal Engine Projects/BoomerShooter/Content/Assets/ShardgunModel/SuperShardgun/Indicator_Light.uasset" 554
"E:/Unreal Engine Projects/BoomerShooter/Content/Assets/ShardgunModel/SuperShardgun/SuperShardGun_StaticMesh_MultiMaterial.uasset" 555
"E:/Unreal Engine Projects/BoomerShooter/Content/Blueprints/Weapons/BP_SuperShardgun.uasset" 556
"E:/Unreal Engine Projects/BoomerShooter/Content/Assets/SFX/Impacts/sw_Impt_AK_Flesh_10.uasset" 557
"E:/Unreal Engine Projects/BoomerShooter/Content/Assets/SFX/Impacts/sw_Impt_AK_Flesh_09.uasset" 558
"E:/Unreal Engine Projects/BoomerShooter/Content/Assets/SFX/Impacts/sw_Impt_AK_Flesh_08.uasset" 559
"E:/Unreal Engine Projects/BoomerShooter/Content/Assets/SFX/Impacts/sw_Impt_AK_Flesh_07.uasset" 560
"E:/Unreal Engine Projects/BoomerShooter/Content/Assets/SFX/Impacts/sw_Impt_AK_Flesh_06.uasset" 561
"E:/Unreal Engine Projects/BoomerShooter/Content/Assets/SFX/Impacts/sw_Impt_AK_Flesh_05.uasset" 562
"E:/Unreal Engine Projects/BoomerShooter/Content/Assets/SFX/Impacts/sw_Impt_AK_Flesh_04.uasset" 563
"E:/Unreal Engine Projects/BoomerShooter/Content/Assets/SFX/Impacts/sw_Impt_AK_Flesh_03.uasset" 564
"E:/Unreal Engine Projects/BoomerShooter/Content/Assets/SFX/Impacts/sw_Impt_AK_Flesh_02.uasset" 565
"E:/Unreal Engine Projects/BoomerShooter/Content/Assets/SFX/Impacts/sw_Impt_AK_Flesh_01.uasset" 566
"E:/Unreal Engine Projects/BoomerShooter/Content/Assets/SFX/Impacts/FleshHit_Cue.uasset" 567
"E:/Unreal Engine Projects/BoomerShooter/Content/Assets/ParagonKhaimera/FX/Meshes/Shapes/SM_Sphere.uasset" 568
"E:/Unreal Engine Projects/BoomerShooter/Content/Assets/ParagonKhaimera/FX/Meshes/Shapes/SM_Impact_Sphere.uasset" 569
"E:/Unreal Engine Projects/BoomerShooter/Content/Assets/ParagonKhaimera/FX/Meshes/Shapes/SM_Dive_Flames.uasset" 570
"E:/Unreal Engine Projects/BoomerShooter/Content/Assets/ParagonKhaimera/FX/Textures/Smoke/T_Smoke2_Tile.uasset" 571
"E:/Unreal Engine Projects/BoomerShooter/Content/Assets/ParagonKhaimera/FX/Materials/Functions/MF_CameraDistanceFade.uasset" 572
"E:/Unreal Engine Projects/BoomerShooter/Content/Assets/ParagonKhaimera/FX/Materials/Shockwave/M_Distortion_Sphere.uasset" 573
"E:/Unreal Engine Projects/BoomerShooter/Content/Assets/ParagonKhaimera/FX/Textures/Decals/Scorch/T_DecalExample.uasset" 574
"E:/Unreal Engine Projects/BoomerShooter/Content/Assets/ParagonKhaimera/FX/Textures/Decals/Scorch/T_Decal_Small_Scorch_A.uasset" 575
"E:/Unreal Engine Projects/BoomerShooter/Content/Assets/ParagonKhaimera/FX/Materials/Flares/M_Impact_Flare_Soft.uasset" 576
"E:/Unreal Engine Projects/BoomerShooter/Content/Assets/ParagonKhaimera/FX/Materials/Functions/FadeBasedOnViewAngle.uasset" 577
"E:/Unreal Engine Projects/BoomerShooter/Content/Assets/ParagonKhaimera/FX/Textures/Gradient/color/T_ShieldLightrays.uasset" 578
"../../../Engine/Content/Functions/Engine_MaterialFunctions02/Utility/VectorToRadialValue.uasset" 579
"E:/Unreal Engine Projects/BoomerShooter/Content/Assets/ParagonKhaimera/FX/Materials/Flares/M_Khaimera_LMB_Impact.uasset" 580
"E:/Unreal Engine Projects/BoomerShooter/Content/Assets/ParagonKhaimera/FX/Materials/Flares/MI_Khaimera_LMB_Impact.uasset" 581
"E:/Unreal Engine Projects/BoomerShooter/Content/Assets/ParagonKhaimera/FX/Textures/Tile/Noise/T_Soft_Noise.uasset" 582
"E:/Unreal Engine Projects/BoomerShooter/Content/Assets/ParagonKhaimera/FX/Textures/Tile/Noise/T_noise_flamy_Tile.uasset" 583
"E:/Unreal Engine Projects/BoomerShooter/Content/Assets/ParagonKhaimera/FX/Textures/Tile/Noise/T_Cave_Noise_14.uasset" 584
"E:/Unreal Engine Projects/BoomerShooter/Content/Assets/ParagonKhaimera/FX/Textures/Masks/T_TetraPanMask.uasset" 585
"E:/Unreal Engine Projects/BoomerShooter/Content/Assets/ParagonKhaimera/FX/Textures/Masks/T_NoisyRamp.uasset" 586
"E:/Unreal Engine Projects/BoomerShooter/Content/Assets/ParagonKhaimera/FX/Textures/Gradient/Masks/T_MaskingDown.uasset" 587
"E:/Unreal Engine Projects/BoomerShooter/Content/Assets/ParagonKhaimera/FX/Textures/Gradient/Masks/T_Cowcatcher_TrailMask.uasset" 588
"E:/Unreal Engine Projects/BoomerShooter/Content/Assets/ParagonKhaimera/FX/Textures/Gradient/color/T_ShieldLightrays_color.uasset" 589
"E:/Unreal Engine Projects/BoomerShooter/Content/Assets/ParagonKhaimera/FX/Materials/Functions/FX_EmissiveModulate.uasset" 590
"../../../Engine/Content/Functions/Engine_MaterialFunctions02/Texturing/CustomRotator.uasset" 591
"../../../Engine/Content/Functions/Engine_MaterialFunctions01/ImageAdjustment/DeriveHDRfromLDR.uasset" 592
"E:/Unreal Engine Projects/BoomerShooter/Content/Assets/ParagonKhaimera/FX/Materials/Fire/M_Mesh_Fire.uasset" 593
"E:/Unreal Engine Projects/BoomerShooter/Content/Assets/ParagonKhaimera/FX/Materials/Fire/MI_Mesh_Fire.uasset" 594
"E:/Unreal Engine Projects/BoomerShooter/Content/Assets/ParagonKhaimera/FX/ParticleSystems/Abilities/Primary/FX/P_Khaimera_LMB_Impact.uasset" 595
"E:/Unreal Engine Projects/BoomerShooter/Content/Blueprints/Characters/BP_PlayerCharacter.uasset" 596
"E:/Unreal Engine Projects/BoomerShooter/Content/Assets/Textures/Icons/Crosshairs/Crosshair_Circle_15.uasset" 597
"E:/Unreal Engine Projects/BoomerShooter/Content/Assets/Textures/CrosshairLightning.uasset" 598
"E:/Unreal Engine Projects/BoomerShooter/Content/Assets/Textures/CrosshairIceShotty.uasset" 599
"E:/Unreal Engine Projects/BoomerShooter/Content/Assets/Textures/CrosshairFire.uasset" 600
"E:/Unreal Engine Projects/BoomerShooter/Content/Blueprints/UI/BP_ShooterHUD.uasset" 601
"E:/Unreal Engine Projects/BoomerShooter/Content/Blueprints/BP_PlayerController.uasset" 602
"E:/Unreal Engine Projects/BoomerShooter/Content/Blueprints/BP_GameMode_ReachTheExit.uasset" 603
"E:/Unreal Engine Projects/BoomerShooter/Content/Assets/Barrel_Body.uasset" 604
"E:/Unreal Engine Projects/BoomerShooter/Content/Assets/Barrel.uasset" 605
"E:/Unreal Engine Projects/BoomerShooter/Content/Explosives/BP_Explosive.uasset" 606
"../../Plugins/2D/Paper2D/Content/PlaceholderTextures/DummySpriteTexture.uasset" 607
"../../Plugins/2D/Paper2D/Content/DummySprite.uasset" 608
"../../Plugins/2D/Paper2D/Content/DefaultPaperTerrainMaterial.uasset" 609
"../../Plugins/2D/Paper2D/Content/DefaultSpriteMaterial.uasset" 610
"../../Plugins/2D/Paper2D/Content/MaskedUnlitSpriteMaterial.uasset" 611
"../../Plugins/2D/Paper2D/Content/OpaqueUnlitSpriteMaterial.uasset" 612
"../../Plugins/Editor/SpeedTreeImporter/Content/SpeedTree9/game_wind_noise.uasset" 613
"../../Plugins/Editor/SpeedTreeImporter/Content/SpeedTree9/SpeedTreeWindMotion.uasset" 614
"../../Plugins/Editor/SpeedTreeImporter/Content/SpeedTree9/UnpackInteger3.uasset" 615
"../../Plugins/Editor/SpeedTreeImporter/Content/SpeedTree9/UnpackDirection.uasset" 616
"../../Plugins/Editor/SpeedTreeImporter/Content/SpeedTree9/SpeedTreeBranchMotion.uasset" 617
"../../../Engine/Content/Functions/Engine_MaterialFunctions02/ObjectLocalBounds.uasset" 618
"../../../Engine/Content/Functions/Engine_MaterialFunctions02/UVs/BoundingBoxBased_0-1_UVW.uasset" 619
"../../Plugins/Editor/SpeedTreeImporter/Content/SpeedTree9/SpeedTreeWind.uasset" 620
"../../Plugins/Editor/SpeedTreeImporter/Content/SpeedTree9/SpeedTreeBillboard.uasset" 621
"../../Plugins/Editor/SpeedTreeImporter/Content/SpeedTree9/SpeedTreeBillboardMaster.uasset" 622
"../../Plugins/Editor/SpeedTreeImporter/Content/SpeedTree9/SpeedTreeCameraFacing.uasset" 623
"../../Plugins/Editor/SpeedTreeImporter/Content/SpeedTree9/SpeedTreeMaster.uasset" 624
"../../Plugins/FX/Niagara/Content/Enums/ENiagaraAnimTrailWidthMode.uasset" 625
"../../Plugins/FX/Niagara/Content/Enums/ENiagaraArraySamplingMode.uasset" 626
"../../Plugins/FX/Niagara/Content/Enums/ENiagaraBoneSamplingMode.uasset" 627
"../../Plugins/FX/Niagara/Content/Enums/ENiagaraBoneSocketSamplingMode.uasset" 628
"../../Plugins/FX/Niagara/Content/Enums/ENiagaraBooleanLogicOps.uasset" 629
"../../Plugins/FX/Niagara/Content/Enums/ENiagaraBooleanLogicOps_v2.uasset" 630
"../../Plugins/FX/Niagara/Content/Enums/ENiagaraCalculateRadiusOptions.uasset" 631
"../../Plugins/FX/Niagara/Content/Enums/ENiagaraChannelCorrelation.uasset" 632
"../../Plugins/FX/Niagara/Content/Enums/ENiagaraCollisionRadiusOptions.uasset" 633
"../../Plugins/FX/Niagara/Content/Enums/ENiagaraCoordinateSpace.uasset" 634
"../../Plugins/FX/Niagara/Content/Enums/ENiagaraCurlNoiseQuality.uasset" 635
"../../Plugins/FX/Niagara/Content/Enums/ENiagaraEmitterLifeCycleMode.uasset" 636
"../../Plugins/FX/Niagara/Content/Enums/ENiagaraEmitterScalabilityMode.uasset" 637
"../../Plugins/FX/Niagara/Content/Enums/ENiagaraEmitterScalabilityMode_Limited.uasset" 638
"../../Plugins/FX/Niagara/Content/Enums/ENiagaraExecutionStateManagement.uasset" 639
"../../Plugins/FX/Niagara/Content/Enums/ENiagaraExpansionMode.uasset" 640
"../../Plugins/FX/Niagara/Content/Enums/ENiagaraFrictionMergeType.uasset" 641
"../../Plugins/FX/Niagara/Content/Enums/ENiagaraGPUDepthResponseType.uasset" 642
"../../Plugins/FX/Niagara/Content/Enums/ENiagaraGridPlacementType.uasset" 643
"../../Plugins/FX/Niagara/Content/Enums/ENiagaraInactiveMode.uasset" 644
"../../Plugins/FX/Niagara/Content/Enums/ENiagaraKillVolumeOptions.uasset" 645
"../../Plugins/FX/Niagara/Content/Enums/ENiagaraLinearColor_Channels.uasset" 646
"../../Plugins/FX/Niagara/Content/Enums/ENiagaraMassByVolume.uasset" 647
"../../Plugins/FX/Niagara/Content/Enums/ENiagaraMassCalculationForRendererTypes.uasset" 648
"../../Plugins/FX/Niagara/Content/Enums/ENiagaraMeshOrSprite.uasset" 649
"../../Plugins/FX/Niagara/Content/Enums/ENiagaraMeshSamplingMode.uasset" 650
"../../Plugins/FX/Niagara/Content/Enums/ENiagaraMeshSurfaceSamplingMode.uasset" 651
"../../Plugins/FX/Niagara/Content/Enums/ENiagaraMeshTransforms.uasset" 652
"../../Plugins/FX/Niagara/Content/Enums/ENiagaraMinOrMax.uasset" 653
"../../Plugins/FX/Niagara/Content/Enums/ENiagaraNumericVariableTypes.uasset" 654
"../../Plugins/FX/Niagara/Content/Enums/ENiagaraOrientationAxis.uasset" 655
"../../Plugins/FX/Niagara/Content/Enums/ENiagaraQuaternionDerivationTechnique.uasset" 656
"../../Plugins/FX/Niagara/Content/Enums/ENiagaraRandomnessEvaluation.uasset" 657
"../../Plugins/FX/Niagara/Content/Enums/ENiagaraRandomnessMode.uasset" 658
"../../Plugins/FX/Niagara/Content/Enums/ENiagaraRestitutionMergeType.uasset" 659
"../../Plugins/FX/Niagara/Content/Enums/ENiagaraScaleColorMode.uasset" 660
"../../Plugins/FX/Niagara/Content/Enums/ENiagaraSimulationTarget.uasset" 661
"../../Plugins/FX/Niagara/Content/Enums/ENiagaraSkeletalSpawning.uasset" 662
"../../Plugins/FX/Niagara/Content/Enums/ENiagaraSkelSamplingFilteringMode.uasset" 663
"../../Plugins/FX/Niagara/Content/Enums/ENiagaraSkelSamplingModeFull.uasset" 664
"../../Plugins/FX/Niagara/Content/Enums/ENiagaraSocketSamplingMode.uasset" 665
"../../Plugins/FX/Niagara/Content/Enums/ENiagaraSphereDistributionMode.uasset" 666
"../../Plugins/FX/Niagara/Content/Enums/ENiagaraSUbUVAnimationMode.uasset" 667
"../../Plugins/FX/Niagara/Content/Enums/ENiagaraSystemInactiveMode.uasset" 668
"../../Plugins/FX/Niagara/Content/Enums/ENiagaraTorusDistributionMode.uasset" 669
"../../Plugins/FX/Niagara/Content/Enums/ENiagaraTorusMode.uasset" 670
"../../Plugins/FX/Niagara/Content/Enums/ENiagaraTriangleSamplingMode.uasset" 671
"../../Plugins/FX/Niagara/Content/Enums/ENiagaraVector2_Channels.uasset" 672
"../../Plugins/FX/Niagara/Content/Enums/ENiagaraVector3_Channels.uasset" 673
"../../Plugins/FX/Niagara/Content/Enums/ENiagaraVector4_Channels.uasset" 674
"../../Plugins/FX/Niagara/Content/Enums/ENiagaraVertexFilteringMode.uasset" 675
"../../Plugins/FX/Niagara/Content/Enums/ENiagaraVertexSamplingMode.uasset" 676
"../../Plugins/FX/Niagara/Content/Enums/ENiagara_AudioParamType.uasset" 677
"../../Plugins/FX/Niagara/Content/Enums/ENiagara_BankOnTurns.uasset" 678
"../../Plugins/FX/Niagara/Content/Enums/ENiagara_CameraMeshOrientation.uasset" 679
"../../Plugins/FX/Niagara/Content/Enums/ENiagara_CameraProperties.uasset" 680
"../../Plugins/FX/Niagara/Content/Enums/ENiagara_CollisionType.uasset" 681
"../../Plugins/FX/Niagara/Content/Enums/ENiagara_ColorInitializationMode.uasset" 682
"../../Plugins/FX/Niagara/Content/Enums/ENiagara_CPUCollisionType.uasset" 683
"../../Plugins/FX/Niagara/Content/Enums/ENiagara_DirectReadApplicationMode.uasset" 684
"../../Plugins/FX/Niagara/Content/Enums/ENiagara_DirectReadParticleIDSampling.uasset" 685
"../../Plugins/FX/Niagara/Content/Enums/ENiagara_DirectReadSamplingMode.uasset" 686
"../../Plugins/FX/Niagara/Content/Enums/ENiagara_EmitterLocSamplingMode.uasset" 687
"../../Plugins/FX/Niagara/Content/Enums/ENiagara_EmitterStateOptions.uasset" 688
"../../Plugins/FX/Niagara/Content/Enums/ENiagara_FadeOperationType.uasset" 689
"../../Plugins/FX/Niagara/Content/Enums/ENiagara_Float4Channel.uasset" 690
"../../Plugins/FX/Niagara/Content/Enums/ENiagara_GPUCollisionType.uasset" 691
"../../Plugins/FX/Niagara/Content/Enums/ENiagara_IDAttributes.uasset" 692
"../../Plugins/FX/Niagara/Content/Enums/ENiagara_InfiniteLoopDuration.uasset" 693
"../../Plugins/FX/Niagara/Content/Enums/ENiagara_LifetimeInheritanceOptions.uasset" 694
"../../Plugins/FX/Niagara/Content/Enums/ENiagara_LifetimeMode.uasset" 695
"../../Plugins/FX/Niagara/Content/Enums/ENiagara_MassInitializationMode.uasset" 696
"../../Plugins/FX/Niagara/Content/Enums/ENiagara_MultipleLerpCount.uasset" 697
"../../Plugins/FX/Niagara/Content/Enums/ENiagara_PositionInitializationMode.uasset" 698
"../../Plugins/FX/Niagara/Content/Enums/ENiagara_RotationDefinitionApproach.uasset" 699
"../../Plugins/FX/Niagara/Content/Enums/ENiagara_SizeScaleMode.uasset" 700
"../../Plugins/FX/Niagara/Content/Enums/ENiagara_SpawnBurstMode.uasset" 701
"../../Plugins/FX/Niagara/Content/Enums/ENiagara_SpriteRotationMode.uasset" 702
"../../Plugins/FX/Niagara/Content/Enums/ENiagara_SubUVLookupMode.uasset" 703
"../../Plugins/FX/Niagara/Content/Enums/ENiagara_TransformBaseOptions.uasset" 704
"../../Plugins/FX/Niagara/Content/Enums/ENiagara_TransformMode.uasset" 705
"../../Plugins/FX/Niagara/Content/Enums/ENiagara_TransformOrientationMode.uasset" 706
"../../Plugins/FX/Niagara/Content/Enums/ENiagara_UVFlippingMode.uasset" 707
"../../Plugins/FX/Niagara/Content/Enums/Niagara_Units.uasset" 708
"../../Plugins/FX/Niagara/Content/Enums/CascadeConversion/ECascadeNiagaraOrbitChainMode.uasset" 709
"../../Plugins/FX/Niagara/Content/Enums/CascadeConversion/ECascadeNiagaraTwoVectorChannels.uasset" 710
"../../Plugins/FX/Niagara/Content/Icons/S_ParticleSystem.uasset" 711
"../../../Engine/Content/BasicShapes/Cylinder.uasset" 712
"../../../Engine/Content/ArtTools/RenderToTexture/Materials/Debug/M_Emissive_Color.uasset" 713
"../../Plugins/Lumin/MagicLeapPassableWorld/Content/MagicLeapARPinInfoActor.uasset" 714
"../../../Engine/Content/Functions/Engine_MaterialFunctions02/Utility/BreakOutFloat4Components.uasset" 715
"../../Plugins/Runtime/Oculus/OculusVR/Content/Materials/OculusMR_ChromaKey.uasset" 716
"../../Plugins/Runtime/Oculus/OculusVR/Content/Materials/OculusMR_OpaqueColoredMaterial.uasset" 717
"../../Plugins/Runtime/Oculus/OculusVR/Content/Materials/PokeAHoleMaterial.uasset" 718
"../../../Engine/Content/Maps/Entry_BuiltData.uasset" 719
"../../../Engine/Content/Maps/Entry.umap" 720
"E:/Unreal Engine Projects/BoomerShooter/Content/SuperGrid/StarterPack/Source/Meshes/SuperGrid_Stairs.uasset" 721
"E:/Unreal Engine Projects/BoomerShooter/Content/SuperGrid/StarterPack/Source/Meshes/SuperGrid_SlantedBox22.uasset" 722
"E:/Unreal Engine Projects/BoomerShooter/Content/SuperGrid/StarterPack/Source/Meshes/SuperGrid_RingQuarter.uasset" 723
"E:/Unreal Engine Projects/BoomerShooter/Content/SuperGrid/StarterPack/Source/Meshes/SuperGrid_RingFull.uasset" 724
"E:/Unreal Engine Projects/BoomerShooter/Content/SuperGrid/StarterPack/Source/Meshes/SuperGrid_Plane.uasset" 725
"E:/Unreal Engine Projects/BoomerShooter/Content/SuperGrid/StarterPack/Source/Meshes/SuperGrid_Hexagon.uasset" 726
"E:/Unreal Engine Projects/BoomerShooter/Content/SuperGrid/StarterPack/Source/Meshes/SuperGrid_CylinderFull.uasset" 727
"E:/Unreal Engine Projects/BoomerShooter/Content/SuperGrid/StarterPack/Source/Meshes/SuperGrid_CornerOuter.uasset" 728
"E:/Unreal Engine Projects/BoomerShooter/Content/SuperGrid/StarterPack/Source/Meshes/SuperGrid_CornerInner.uasset" 729
"E:/Unreal Engine Projects/BoomerShooter/Content/SuperGrid/StarterPack/Source/Meshes/SuperGrid_BoxCentered.uasset" 730
"E:/Unreal Engine Projects/BoomerShooter/Content/MedievalDungeon/Textures/T_Gargoyle_N.uasset" 731
"E:/Unreal Engine Projects/BoomerShooter/Content/MedievalDungeon/Textures/T_Gargoyle_C.uasset" 732
"E:/Unreal Engine Projects/BoomerShooter/Content/MedievalDungeon/Textures/T_Gargoyle_A.uasset" 733
"E:/Unreal Engine Projects/BoomerShooter/Content/MedievalDungeon/Materials/M_Gargoyle_Inst.uasset" 734
"E:/Unreal Engine Projects/BoomerShooter/Content/MedievalDungeon/Meshes/Props/SM_Gargoyle_Statue.uasset" 735
"E:/Unreal Engine Projects/BoomerShooter/Content/SuperGrid/StarterPack/Source/Meshes/SuperGrid_Slope.uasset" 736
"E:/Unreal Engine Projects/BoomerShooter/Content/SuperGrid/StarterPack/Source/Meshes/SuperGrid_Pyramide.uasset" 737
"E:/Unreal Engine Projects/BoomerShooter/Content/SuperGrid/StarterPack/Source/Meshes/SuperGrid_Arch1.uasset" 738
"E:/Unreal Engine Projects/BoomerShooter/Content/Blueprints/UI/WBP_StartScreen.uasset" 739
"E:/Unreal Engine Projects/BoomerShooter/Content/MedievalDungeon/Textures/T_BrickFloor_Clean_N.uasset" 740
"E:/Unreal Engine Projects/BoomerShooter/Content/MedievalDungeon/Textures/T_BrickFloor_Clean_H.uasset" 741
"E:/Unreal Engine Projects/BoomerShooter/Content/MedievalDungeon/Textures/T_BrickFloor_Clean_C.uasset" 742
"E:/Unreal Engine Projects/BoomerShooter/Content/MedievalDungeon/Textures/T_BrickFloor_Clean_A.uasset" 743
"E:/Unreal Engine Projects/BoomerShooter/Content/MedievalDungeon/Materials/M_BrickFloor_Clean_Inst.uasset" 744
"E:/Unreal Engine Projects/BoomerShooter/Content/MedievalDungeon/Particles/Textures/T_Smoke_Tiled_D.uasset" 745
"E:/Unreal Engine Projects/BoomerShooter/Content/MedievalDungeon/Particles/Textures/T_Smoke_SubUV.uasset" 746
"E:/Unreal Engine Projects/BoomerShooter/Content/MedievalDungeon/Particles/Materials/M_smoke_subUV.uasset" 747
"../../../Engine/Content/Functions/Engine_MaterialFunctions01/Gradient/RadialGradient.uasset" 748
"E:/Unreal Engine Projects/BoomerShooter/Content/MedievalDungeon/Particles/Materials/M_Radial_Gradient.uasset" 749
"E:/Unreal Engine Projects/BoomerShooter/Content/MedievalDungeon/Textures/T_Water_N.uasset" 750
"E:/Unreal Engine Projects/BoomerShooter/Content/MedievalDungeon/Particles/Materials/M_Heat_Distortion.uasset" 751
"E:/Unreal Engine Projects/BoomerShooter/Content/MedievalDungeon/Particles/Textures/T_Fire_Tiled_D.uasset" 752
"E:/Unreal Engine Projects/BoomerShooter/Content/MedievalDungeon/Particles/Textures/T_Fire_SubUV.uasset" 753
"E:/Unreal Engine Projects/BoomerShooter/Content/MedievalDungeon/Particles/Materials/M_Fire_SubUV.uasset" 754
"E:/Unreal Engine Projects/BoomerShooter/Content/MedievalDungeon/Particles/P_Torch_Fire.uasset" 755
"E:/Unreal Engine Projects/BoomerShooter/Content/MedievalDungeon/Textures/T_Torch_N.uasset" 756
"E:/Unreal Engine Projects/BoomerShooter/Content/MedievalDungeon/Textures/T_Torch_C.uasset" 757
"E:/Unreal Engine Projects/BoomerShooter/Content/MedievalDungeon/Textures/T_Torch_A.uasset" 758
"E:/Unreal Engine Projects/BoomerShooter/Content/MedievalDungeon/Materials/M_Torch_Inst.uasset" 759
"E:/Unreal Engine Projects/BoomerShooter/Content/MedievalDungeon/Textures/T_Half_Arch_N.uasset" 760
"E:/Unreal Engine Projects/BoomerShooter/Content/MedievalDungeon/Textures/T_Half_Arch_C.uasset" 761
"E:/Unreal Engine Projects/BoomerShooter/Content/MedievalDungeon/Textures/T_Half_Arch_A.uasset" 762
"E:/Unreal Engine Projects/BoomerShooter/Content/MedievalDungeon/Materials/M_Half_Arch_Inst.uasset" 763
"E:/Unreal Engine Projects/BoomerShooter/Content/MedievalDungeon/Meshes/Props/SM_Torch.uasset" 764
"E:/Unreal Engine Projects/BoomerShooter/Content/MedievalDungeon/Materials/M_Torch_Flicker_Light_Function.uasset" 765
"E:/Unreal Engine Projects/BoomerShooter/Content/MedievalDungeon/Blueprints/BP_Torch.uasset" 766
"E:/Unreal Engine Projects/BoomerShooter/Content/MedievalDungeon/Meshes/Architecture/Dungeon/SM_DoorWay.uasset" 767
"E:/Unreal Engine Projects/BoomerShooter/Content/Maps/BoomerPrototypeMap_BuiltData.uasset" 768
"E:/Unreal Engine Projects/BoomerShooter/Content/Assets/FXVarietyPack/Textures/T_ky_noise17.uasset" 769
"E:/Unreal Engine Projects/BoomerShooter/Content/Assets/FXVarietyPack/Textures/T_ky_maskRGB3.uasset" 770
"E:/Unreal Engine Projects/BoomerShooter/Content/Assets/FXVarietyPack/Materials/Mfunction/MF_ky_MaskToTopUnder.uasset" 771
"E:/Unreal Engine Projects/BoomerShooter/Content/Assets/FXVarietyPack/Materials/Mfunction/MF_ky_AddHilight.uasset" 772
"../../../Engine/Content/Functions/Engine_MaterialFunctions03/Texturing/TwoSidedTexturing.uasset" 773
"E:/Unreal Engine Projects/BoomerShooter/Content/Assets/FXVarietyPack/Materials/M_ky_storm01.uasset" 774
"E:/Unreal Engine Projects/BoomerShooter/Content/Assets/FXVarietyPack/Materials/MI_ky_storm01_thunder_nonD.uasset" 775
"E:/Unreal Engine Projects/BoomerShooter/Content/Assets/FXVarietyPack/Materials/MI_ky_storm01_thunder.uasset" 776
"E:/Unreal Engine Projects/BoomerShooter/Content/Assets/FXVarietyPack/Textures/T_ky_shockWave03_4x4.uasset" 777
"E:/Unreal Engine Projects/BoomerShooter/Content/Assets/FXVarietyPack/Materials/M_ky_shockWave03_4x4.uasset" 778
"E:/Unreal Engine Projects/BoomerShooter/Content/Assets/FXVarietyPack/Materials/MI_ky_shockWave03g_4x4.uasset" 779
"E:/Unreal Engine Projects/BoomerShooter/Content/Assets/FXVarietyPack/Meshes/SM_ky_tornado07.uasset" 780
"E:/Unreal Engine Projects/BoomerShooter/Content/Assets/FXVarietyPack/Meshes/SM_ky_circleDist06.uasset" 781
"E:/Unreal Engine Projects/BoomerShooter/Content/Assets/FXVarietyPack/Materials/M_ky_thunderForBeam.uasset" 782
"E:/Unreal Engine Projects/BoomerShooter/Content/Assets/FXVarietyPack/Particles/P_ky_thunderStorm.uasset" 783
"E:/Unreal Engine Projects/BoomerShooter/Content/Assets/FXVarietyPack/Textures/T_ky_noise4.uasset" 784
"E:/Unreal Engine Projects/BoomerShooter/Content/Assets/FXVarietyPack/Materials/M_ky_stormDeco01.uasset" 785
"E:/Unreal Engine Projects/BoomerShooter/Content/Assets/FXVarietyPack/Materials/MI_ky_storm01_nonD.uasset" 786
"E:/Unreal Engine Projects/BoomerShooter/Content/Assets/FXVarietyPack/Textures/T_ky_stone02_2x2.uasset" 787
"E:/Unreal Engine Projects/BoomerShooter/Content/Assets/FXVarietyPack/Materials/M_ky_stone02.uasset" 788
"E:/Unreal Engine Projects/BoomerShooter/Content/Assets/FXVarietyPack/Textures/T_ky_vortex04_4x4.uasset" 789
"E:/Unreal Engine Projects/BoomerShooter/Content/Assets/FXVarietyPack/Materials/M_ky_vortex04_4x4.uasset" 790
"E:/Unreal Engine Projects/BoomerShooter/Content/Assets/FXVarietyPack/Materials/MI_ky_vortex04B_4x4_two.uasset" 791
"E:/Unreal Engine Projects/BoomerShooter/Content/Assets/FXVarietyPack/Particles/P_ky_storm.uasset" 792
"E:/Unreal Engine Projects/BoomerShooter/Content/Assets/FXVarietyPack/Blueprints/BP_ky_storm.uasset" 793
"E:/Unreal Engine Projects/BoomerShooter/Content/Assets/FXVarietyPack/Blueprints/BP_ky_thunderStorm.uasset" 794
"E:/Unreal Engine Projects/BoomerShooter/Content/Assets/FXVarietyPack/Blueprints/BP_ky_thunderStorm_Child.uasset" 795
"E:/Unreal Engine Projects/BoomerShooter/Content/Assets/FXVarietyPack/Materials/MI_ky_stormDeco01_aqua.uasset" 796
"E:/Unreal Engine Projects/BoomerShooter/Content/Assets/FXVarietyPack/Materials/MI_ky_storm01_aqua_nonD.uasset" 797
"E:/Unreal Engine Projects/BoomerShooter/Content/Assets/FXVarietyPack/Materials/MI_ky_storm01_aqua.uasset" 798
"E:/Unreal Engine Projects/BoomerShooter/Content/Assets/FXVarietyPack/Particles/P_ky_aquaStorm.uasset" 799
"E:/Unreal Engine Projects/BoomerShooter/Content/Assets/FXVarietyPack/Blueprints/BP_ky_aquaStorm.uasset" 800
"E:/Unreal Engine Projects/BoomerShooter/Content/Assets/FXVarietyPack/Blueprints/BP_ky_aquaStorm_Child.uasset" 801
"../../../Engine/Content/EngineSky/T_Sky_Stars.uasset" 802
"../../../Engine/Content/EngineSky/T_Sky_Clouds_M.uasset" 803
"../../../Engine/Content/EngineSky/T_Sky_Blue.uasset" 804
"../../../Engine/Content/EngineSky/M_Sky_Panning_Clouds2.uasset" 805
"../../../Engine/Content/EngineSky/SM_SkySphere.uasset" 806
"../../../Engine/Content/EngineSky/C_Sky_Zenith_Color.uasset" 807
"../../../Engine/Content/EngineSky/C_Sky_Horizon_Color.uasset" 808
"../../../Engine/Content/EngineSky/C_Sky_Cloud_Color.uasset" 809
"../../../Engine/Content/EngineSky/BP_Sky_Sphere.uasset" 810
"E:/Unreal Engine Projects/BoomerShooter/Content/Maps/BoomerPrototypeMap.umap" 811
